<?xml version="1.0" encoding="UTF-8"?>
<testng-results skipped="0" failed="0" total="1" passed="1">
  <reporter-output>
  </reporter-output>
  <suite name="Suite" duration-ms="12687" started-at="2020-05-15T19:05:53Z" finished-at="2020-05-15T19:06:06Z">
    <groups>
    </groups>
    <test name="Test" duration-ms="12687" started-at="2020-05-15T19:05:53Z" finished-at="2020-05-15T19:06:06Z">
      <class name="samples.SearchGoogleProgram">
        <test-method status="PASS" signature="setup()[pri:0, instance:samples.SearchGoogleProgram@153acfe]" name="setup" is-config="true" duration-ms="5150" started-at="2020-05-16T00:35:53Z" finished-at="2020-05-16T00:35:59Z">
          <reporter-output>
          </reporter-output>
        </test-method> <!-- setup -->
        <test-method status="PASS" signature="search()[pri:0, instance:samples.SearchGoogleProgram@153acfe]" name="search" duration-ms="5988" started-at="2020-05-16T00:35:59Z" finished-at="2020-05-16T00:36:05Z">
          <reporter-output>
          </reporter-output>
        </test-method> <!-- search -->
        <test-method status="PASS" signature="quitBrowser()[pri:0, instance:samples.SearchGoogleProgram@153acfe]" name="quitBrowser" is-config="true" duration-ms="1532" started-at="2020-05-16T00:36:05Z" finished-at="2020-05-16T00:36:06Z">
          <reporter-output>
          </reporter-output>
        </test-method> <!-- quitBrowser -->
      </class> <!-- samples.SearchGoogleProgram -->
    </test> <!-- Test -->
  </suite> <!-- Suite -->
</testng-results>
